{"D:\\external-project\\Laravel-Samples\\laravel-react\\resources\\js\\Components\\SinglePageHeader.tsx": {"path":"D:\\external-project\\Laravel-Samples\\laravel-react\\resources\\js\\Components\\SinglePageHeader.tsx","statementMap":{"0":{"start":{"line":11,"column":2},"end":{"line":24,"column":null}},"1":{"start":{"line":1,"column":0},"end":{"line":1,"column":24}}},"fnMap":{"0":{"name":"SinglePageHeader","decl":{"start":{"line":1,"column":24},"end":{"line":1,"column":40}},"loc":{"start":{"line":8,"column":3},"end":{"line":25,"column":1}}}},"branchMap":{},"s":{"0":1,"1":1},"f":{"0":1},"b":{}}
}
